<?xml version="1.0" encoding="UTF-8"?>
<!-- Generated by org.testng.reporters.JUnitReportReporter -->
<testsuite skipped="0" hostname="abhi-PC" name="com.project.Test.RegisterTest" tests="1" failures="0" timestamp="2022-02-27T21:23:30 IST" time="0.194" errors="0">
  <testcase name="Test1" time="0.194" classname="com.project.Test.RegisterTest"/>
  <system-out/>
</testsuite> <!-- com.project.Test.RegisterTest -->
