<?xml version="1.0" encoding="UTF-8"?>
<!-- Generated by org.testng.reporters.JUnitReportReporter -->
<testsuite skipped="0" hostname="abhi-PC" name="com.cjc.Tests.TestWithExcel" tests="2" failures="0" timestamp="2021-12-20T18:00:30 IST" time="0.929" errors="0">
  <testcase name="m1" time="0.759" classname="com.cjc.Tests.TestWithExcel"/>
  <system-out/>
  <testcase name="f" time="0.170" classname="com.cjc.Tests.TestWithExcel"/>
  <system-out/>
</testsuite> <!-- com.cjc.Tests.TestWithExcel -->
