<?xml version="1.0" encoding="UTF-8"?>
<!-- Generated by org.testng.reporters.JUnitReportReporter -->
<testsuite skipped="0" hostname="abhi-PC" name="com.cjc.Tests.Tests" tests="1" failures="0" timestamp="2021-12-16T12:05:42 IST" time="50.314" errors="0">
  <testcase name="Testt" time="50.314" classname="com.cjc.Tests.Tests"/>
  <system-out/>
</testsuite> <!-- com.cjc.Tests.Tests -->
